-------------------------------------------------------------------------------
Test set: com.ethanruffing.preference_abstraction.test.SystemPreferencesTest
-------------------------------------------------------------------------------
Tests run: 8, Failures: 0, Errors: 8, Skipped: 0, Time elapsed: 0.003 sec <<< FAILURE!
testInt(com.ethanruffing.preference_abstraction.test.SystemPreferencesTest)  Time elapsed: 0 sec  <<< ERROR!
java.lang.NoClassDefFoundError: org/apache/commons/collections/CollectionUtils
	at org.apache.commons.configuration.XMLConfiguration.constructHierarchy(XMLConfiguration.java:640)
	at org.apache.commons.configuration.XMLConfiguration.initProperties(XMLConfiguration.java:596)
	at org.apache.commons.configuration.XMLConfiguration.load(XMLConfiguration.java:1009)
	at org.apache.commons.configuration.XMLConfiguration.load(XMLConfiguration.java:972)
	at org.apache.commons.configuration.XMLConfiguration$XMLFileConfigurationDelegate.load(XMLConfiguration.java:1647)
	at org.apache.commons.configuration.AbstractFileConfiguration.load(AbstractFileConfiguration.java:324)
	at org.apache.commons.configuration.AbstractFileConfiguration.load(AbstractFileConfiguration.java:261)
	at org.apache.commons.configuration.AbstractFileConfiguration.load(AbstractFileConfiguration.java:238)
	at org.apache.commons.configuration.AbstractHierarchicalFileConfiguration.load(AbstractHierarchicalFileConfiguration.java:184)
	at org.apache.commons.configuration.AbstractHierarchicalFileConfiguration.<init>(AbstractHierarchicalFileConfiguration.java:113)
	at org.apache.commons.configuration.XMLConfiguration.<init>(XMLConfiguration.java:274)
	at com.ethanruffing.preference_abstraction.AutoPreferences.<init>(AutoPreferences.java:101)
	at com.ethanruffing.preference_abstraction.test.SystemPreferencesTest.setUp(SystemPreferencesTest.java:33)
	at sun.reflect.NativeMethodAccessorImpl.invoke0(Native Method)
	at sun.reflect.NativeMethodAccessorImpl.invoke(NativeMethodAccessorImpl.java:62)
	at sun.reflect.DelegatingMethodAccessorImpl.invoke(DelegatingMethodAccessorImpl.java:43)
	at java.lang.reflect.Method.invoke(Method.java:498)
	at org.junit.runners.model.FrameworkMethod$1.runReflectiveCall(FrameworkMethod.java:50)
	at org.junit.internal.runners.model.ReflectiveCallable.run(ReflectiveCallable.java:12)
	at org.junit.runners.model.FrameworkMethod.invokeExplosively(FrameworkMethod.java:47)
	at org.junit.internal.runners.statements.RunBefores.evaluate(RunBefores.java:24)
	at org.junit.runners.ParentRunner.runLeaf(ParentRunner.java:325)
	at org.junit.runners.BlockJUnit4ClassRunner.runChild(BlockJUnit4ClassRunner.java:78)
	at org.junit.runners.BlockJUnit4ClassRunner.runChild(BlockJUnit4ClassRunner.java:57)
	at org.junit.runners.ParentRunner$3.run(ParentRunner.java:290)
	at org.junit.runners.ParentRunner$1.schedule(ParentRunner.java:71)
	at org.junit.runners.ParentRunner.runChildren(ParentRunner.java:288)
	at org.junit.runners.ParentRunner.access$000(ParentRunner.java:58)
	at org.junit.runners.ParentRunner$2.evaluate(ParentRunner.java:268)
	at org.junit.runners.ParentRunner.run(ParentRunner.java:363)
	at org.apache.maven.surefire.junit4.JUnit4TestSet.execute(JUnit4TestSet.java:53)
	at org.apache.maven.surefire.junit4.JUnit4Provider.executeTestSet(JUnit4Provider.java:123)
	at org.apache.maven.surefire.junit4.JUnit4Provider.invoke(JUnit4Provider.java:104)
	at sun.reflect.NativeMethodAccessorImpl.invoke0(Native Method)
	at sun.reflect.NativeMethodAccessorImpl.invoke(NativeMethodAccessorImpl.java:62)
	at sun.reflect.DelegatingMethodAccessorImpl.invoke(DelegatingMethodAccessorImpl.java:43)
	at java.lang.reflect.Method.invoke(Method.java:498)
	at org.apache.maven.surefire.util.ReflectionUtils.invokeMethodWithArray(ReflectionUtils.java:164)
	at org.apache.maven.surefire.booter.ProviderFactory$ProviderProxy.invoke(ProviderFactory.java:110)
	at org.apache.maven.surefire.booter.SurefireStarter.invokeProvider(SurefireStarter.java:175)
	at org.apache.maven.surefire.booter.SurefireStarter.runSuitesInProcessWhenForked(SurefireStarter.java:107)
	at org.apache.maven.surefire.booter.ForkedBooter.main(ForkedBooter.java:68)
testFloat(com.ethanruffing.preference_abstraction.test.SystemPreferencesTest)  Time elapsed: 0 sec  <<< ERROR!
java.lang.NoClassDefFoundError: org/apache/commons/collections/CollectionUtils
	at org.apache.commons.configuration.XMLConfiguration.constructHierarchy(XMLConfiguration.java:640)
	at org.apache.commons.configuration.XMLConfiguration.initProperties(XMLConfiguration.java:596)
	at org.apache.commons.configuration.XMLConfiguration.load(XMLConfiguration.java:1009)
	at org.apache.commons.configuration.XMLConfiguration.load(XMLConfiguration.java:972)
	at org.apache.commons.configuration.XMLConfiguration$XMLFileConfigurationDelegate.load(XMLConfiguration.java:1647)
	at org.apache.commons.configuration.AbstractFileConfiguration.load(AbstractFileConfiguration.java:324)
	at org.apache.commons.configuration.AbstractFileConfiguration.load(AbstractFileConfiguration.java:261)
	at org.apache.commons.configuration.AbstractFileConfiguration.load(AbstractFileConfiguration.java:238)
	at org.apache.commons.configuration.AbstractHierarchicalFileConfiguration.load(AbstractHierarchicalFileConfiguration.java:184)
	at org.apache.commons.configuration.AbstractHierarchicalFileConfiguration.<init>(AbstractHierarchicalFileConfiguration.java:113)
	at org.apache.commons.configuration.XMLConfiguration.<init>(XMLConfiguration.java:274)
	at com.ethanruffing.preference_abstraction.AutoPreferences.<init>(AutoPreferences.java:101)
	at com.ethanruffing.preference_abstraction.test.SystemPreferencesTest.setUp(SystemPreferencesTest.java:33)
	at sun.reflect.NativeMethodAccessorImpl.invoke0(Native Method)
	at sun.reflect.NativeMethodAccessorImpl.invoke(NativeMethodAccessorImpl.java:62)
	at sun.reflect.DelegatingMethodAccessorImpl.invoke(DelegatingMethodAccessorImpl.java:43)
	at java.lang.reflect.Method.invoke(Method.java:498)
	at org.junit.runners.model.FrameworkMethod$1.runReflectiveCall(FrameworkMethod.java:50)
	at org.junit.internal.runners.model.ReflectiveCallable.run(ReflectiveCallable.java:12)
	at org.junit.runners.model.FrameworkMethod.invokeExplosively(FrameworkMethod.java:47)
	at org.junit.internal.runners.statements.RunBefores.evaluate(RunBefores.java:24)
	at org.junit.runners.ParentRunner.runLeaf(ParentRunner.java:325)
	at org.junit.runners.BlockJUnit4ClassRunner.runChild(BlockJUnit4ClassRunner.java:78)
	at org.junit.runners.BlockJUnit4ClassRunner.runChild(BlockJUnit4ClassRunner.java:57)
	at org.junit.runners.ParentRunner$3.run(ParentRunner.java:290)
	at org.junit.runners.ParentRunner$1.schedule(ParentRunner.java:71)
	at org.junit.runners.ParentRunner.runChildren(ParentRunner.java:288)
	at org.junit.runners.ParentRunner.access$000(ParentRunner.java:58)
	at org.junit.runners.ParentRunner$2.evaluate(ParentRunner.java:268)
	at org.junit.runners.ParentRunner.run(ParentRunner.java:363)
	at org.apache.maven.surefire.junit4.JUnit4TestSet.execute(JUnit4TestSet.java:53)
	at org.apache.maven.surefire.junit4.JUnit4Provider.executeTestSet(JUnit4Provider.java:123)
	at org.apache.maven.surefire.junit4.JUnit4Provider.invoke(JUnit4Provider.java:104)
	at sun.reflect.NativeMethodAccessorImpl.invoke0(Native Method)
	at sun.reflect.NativeMethodAccessorImpl.invoke(NativeMethodAccessorImpl.java:62)
	at sun.reflect.DelegatingMethodAccessorImpl.invoke(DelegatingMethodAccessorImpl.java:43)
	at java.lang.reflect.Method.invoke(Method.java:498)
	at org.apache.maven.surefire.util.ReflectionUtils.invokeMethodWithArray(ReflectionUtils.java:164)
	at org.apache.maven.surefire.booter.ProviderFactory$ProviderProxy.invoke(ProviderFactory.java:110)
	at org.apache.maven.surefire.booter.SurefireStarter.invokeProvider(SurefireStarter.java:175)
	at org.apache.maven.surefire.booter.SurefireStarter.runSuitesInProcessWhenForked(SurefireStarter.java:107)
	at org.apache.maven.surefire.booter.ForkedBooter.main(ForkedBooter.java:68)
testLong(com.ethanruffing.preference_abstraction.test.SystemPreferencesTest)  Time elapsed: 0 sec  <<< ERROR!
java.lang.NoClassDefFoundError: org/apache/commons/collections/CollectionUtils
	at org.apache.commons.configuration.XMLConfiguration.constructHierarchy(XMLConfiguration.java:640)
	at org.apache.commons.configuration.XMLConfiguration.initProperties(XMLConfiguration.java:596)
	at org.apache.commons.configuration.XMLConfiguration.load(XMLConfiguration.java:1009)
	at org.apache.commons.configuration.XMLConfiguration.load(XMLConfiguration.java:972)
	at org.apache.commons.configuration.XMLConfiguration$XMLFileConfigurationDelegate.load(XMLConfiguration.java:1647)
	at org.apache.commons.configuration.AbstractFileConfiguration.load(AbstractFileConfiguration.java:324)
	at org.apache.commons.configuration.AbstractFileConfiguration.load(AbstractFileConfiguration.java:261)
	at org.apache.commons.configuration.AbstractFileConfiguration.load(AbstractFileConfiguration.java:238)
	at org.apache.commons.configuration.AbstractHierarchicalFileConfiguration.load(AbstractHierarchicalFileConfiguration.java:184)
	at org.apache.commons.configuration.AbstractHierarchicalFileConfiguration.<init>(AbstractHierarchicalFileConfiguration.java:113)
	at org.apache.commons.configuration.XMLConfiguration.<init>(XMLConfiguration.java:274)
	at com.ethanruffing.preference_abstraction.AutoPreferences.<init>(AutoPreferences.java:101)
	at com.ethanruffing.preference_abstraction.test.SystemPreferencesTest.setUp(SystemPreferencesTest.java:33)
	at sun.reflect.NativeMethodAccessorImpl.invoke0(Native Method)
	at sun.reflect.NativeMethodAccessorImpl.invoke(NativeMethodAccessorImpl.java:62)
	at sun.reflect.DelegatingMethodAccessorImpl.invoke(DelegatingMethodAccessorImpl.java:43)
	at java.lang.reflect.Method.invoke(Method.java:498)
	at org.junit.runners.model.FrameworkMethod$1.runReflectiveCall(FrameworkMethod.java:50)
	at org.junit.internal.runners.model.ReflectiveCallable.run(ReflectiveCallable.java:12)
	at org.junit.runners.model.FrameworkMethod.invokeExplosively(FrameworkMethod.java:47)
	at org.junit.internal.runners.statements.RunBefores.evaluate(RunBefores.java:24)
	at org.junit.runners.ParentRunner.runLeaf(ParentRunner.java:325)
	at org.junit.runners.BlockJUnit4ClassRunner.runChild(BlockJUnit4ClassRunner.java:78)
	at org.junit.runners.BlockJUnit4ClassRunner.runChild(BlockJUnit4ClassRunner.java:57)
	at org.junit.runners.ParentRunner$3.run(ParentRunner.java:290)
	at org.junit.runners.ParentRunner$1.schedule(ParentRunner.java:71)
	at org.junit.runners.ParentRunner.runChildren(ParentRunner.java:288)
	at org.junit.runners.ParentRunner.access$000(ParentRunner.java:58)
	at org.junit.runners.ParentRunner$2.evaluate(ParentRunner.java:268)
	at org.junit.runners.ParentRunner.run(ParentRunner.java:363)
	at org.apache.maven.surefire.junit4.JUnit4TestSet.execute(JUnit4TestSet.java:53)
	at org.apache.maven.surefire.junit4.JUnit4Provider.executeTestSet(JUnit4Provider.java:123)
	at org.apache.maven.surefire.junit4.JUnit4Provider.invoke(JUnit4Provider.java:104)
	at sun.reflect.NativeMethodAccessorImpl.invoke0(Native Method)
	at sun.reflect.NativeMethodAccessorImpl.invoke(NativeMethodAccessorImpl.java:62)
	at sun.reflect.DelegatingMethodAccessorImpl.invoke(DelegatingMethodAccessorImpl.java:43)
	at java.lang.reflect.Method.invoke(Method.java:498)
	at org.apache.maven.surefire.util.ReflectionUtils.invokeMethodWithArray(ReflectionUtils.java:164)
	at org.apache.maven.surefire.booter.ProviderFactory$ProviderProxy.invoke(ProviderFactory.java:110)
	at org.apache.maven.surefire.booter.SurefireStarter.invokeProvider(SurefireStarter.java:175)
	at org.apache.maven.surefire.booter.SurefireStarter.runSuitesInProcessWhenForked(SurefireStarter.java:107)
	at org.apache.maven.surefire.booter.ForkedBooter.main(ForkedBooter.java:68)
testBoolean(com.ethanruffing.preference_abstraction.test.SystemPreferencesTest)  Time elapsed: 0 sec  <<< ERROR!
java.lang.NoClassDefFoundError: org/apache/commons/collections/CollectionUtils
	at org.apache.commons.configuration.XMLConfiguration.constructHierarchy(XMLConfiguration.java:640)
	at org.apache.commons.configuration.XMLConfiguration.initProperties(XMLConfiguration.java:596)
	at org.apache.commons.configuration.XMLConfiguration.load(XMLConfiguration.java:1009)
	at org.apache.commons.configuration.XMLConfiguration.load(XMLConfiguration.java:972)
	at org.apache.commons.configuration.XMLConfiguration$XMLFileConfigurationDelegate.load(XMLConfiguration.java:1647)
	at org.apache.commons.configuration.AbstractFileConfiguration.load(AbstractFileConfiguration.java:324)
	at org.apache.commons.configuration.AbstractFileConfiguration.load(AbstractFileConfiguration.java:261)
	at org.apache.commons.configuration.AbstractFileConfiguration.load(AbstractFileConfiguration.java:238)
	at org.apache.commons.configuration.AbstractHierarchicalFileConfiguration.load(AbstractHierarchicalFileConfiguration.java:184)
	at org.apache.commons.configuration.AbstractHierarchicalFileConfiguration.<init>(AbstractHierarchicalFileConfiguration.java:113)
	at org.apache.commons.configuration.XMLConfiguration.<init>(XMLConfiguration.java:274)
	at com.ethanruffing.preference_abstraction.AutoPreferences.<init>(AutoPreferences.java:101)
	at com.ethanruffing.preference_abstraction.test.SystemPreferencesTest.setUp(SystemPreferencesTest.java:33)
	at sun.reflect.NativeMethodAccessorImpl.invoke0(Native Method)
	at sun.reflect.NativeMethodAccessorImpl.invoke(NativeMethodAccessorImpl.java:62)
	at sun.reflect.DelegatingMethodAccessorImpl.invoke(DelegatingMethodAccessorImpl.java:43)
	at java.lang.reflect.Method.invoke(Method.java:498)
	at org.junit.runners.model.FrameworkMethod$1.runReflectiveCall(FrameworkMethod.java:50)
	at org.junit.internal.runners.model.ReflectiveCallable.run(ReflectiveCallable.java:12)
	at org.junit.runners.model.FrameworkMethod.invokeExplosively(FrameworkMethod.java:47)
	at org.junit.internal.runners.statements.RunBefores.evaluate(RunBefores.java:24)
	at org.junit.runners.ParentRunner.runLeaf(ParentRunner.java:325)
	at org.junit.runners.BlockJUnit4ClassRunner.runChild(BlockJUnit4ClassRunner.java:78)
	at org.junit.runners.BlockJUnit4ClassRunner.runChild(BlockJUnit4ClassRunner.java:57)
	at org.junit.runners.ParentRunner$3.run(ParentRunner.java:290)
	at org.junit.runners.ParentRunner$1.schedule(ParentRunner.java:71)
	at org.junit.runners.ParentRunner.runChildren(ParentRunner.java:288)
	at org.junit.runners.ParentRunner.access$000(ParentRunner.java:58)
	at org.junit.runners.ParentRunner$2.evaluate(ParentRunner.java:268)
	at org.junit.runners.ParentRunner.run(ParentRunner.java:363)
	at org.apache.maven.surefire.junit4.JUnit4TestSet.execute(JUnit4TestSet.java:53)
	at org.apache.maven.surefire.junit4.JUnit4Provider.executeTestSet(JUnit4Provider.java:123)
	at org.apache.maven.surefire.junit4.JUnit4Provider.invoke(JUnit4Provider.java:104)
	at sun.reflect.NativeMethodAccessorImpl.invoke0(Native Method)
	at sun.reflect.NativeMethodAccessorImpl.invoke(NativeMethodAccessorImpl.java:62)
	at sun.reflect.DelegatingMethodAccessorImpl.invoke(DelegatingMethodAccessorImpl.java:43)
	at java.lang.reflect.Method.invoke(Method.java:498)
	at org.apache.maven.surefire.util.ReflectionUtils.invokeMethodWithArray(ReflectionUtils.java:164)
	at org.apache.maven.surefire.booter.ProviderFactory$ProviderProxy.invoke(ProviderFactory.java:110)
	at org.apache.maven.surefire.booter.SurefireStarter.invokeProvider(SurefireStarter.java:175)
	at org.apache.maven.surefire.booter.SurefireStarter.runSuitesInProcessWhenForked(SurefireStarter.java:107)
	at org.apache.maven.surefire.booter.ForkedBooter.main(ForkedBooter.java:68)
testMigrate(com.ethanruffing.preference_abstraction.test.SystemPreferencesTest)  Time elapsed: 0.001 sec  <<< ERROR!
java.lang.NoClassDefFoundError: org/apache/commons/collections/CollectionUtils
	at org.apache.commons.configuration.XMLConfiguration.constructHierarchy(XMLConfiguration.java:640)
	at org.apache.commons.configuration.XMLConfiguration.initProperties(XMLConfiguration.java:596)
	at org.apache.commons.configuration.XMLConfiguration.load(XMLConfiguration.java:1009)
	at org.apache.commons.configuration.XMLConfiguration.load(XMLConfiguration.java:972)
	at org.apache.commons.configuration.XMLConfiguration$XMLFileConfigurationDelegate.load(XMLConfiguration.java:1647)
	at org.apache.commons.configuration.AbstractFileConfiguration.load(AbstractFileConfiguration.java:324)
	at org.apache.commons.configuration.AbstractFileConfiguration.load(AbstractFileConfiguration.java:261)
	at org.apache.commons.configuration.AbstractFileConfiguration.load(AbstractFileConfiguration.java:238)
	at org.apache.commons.configuration.AbstractHierarchicalFileConfiguration.load(AbstractHierarchicalFileConfiguration.java:184)
	at org.apache.commons.configuration.AbstractHierarchicalFileConfiguration.<init>(AbstractHierarchicalFileConfiguration.java:113)
	at org.apache.commons.configuration.XMLConfiguration.<init>(XMLConfiguration.java:274)
	at com.ethanruffing.preference_abstraction.AutoPreferences.<init>(AutoPreferences.java:101)
	at com.ethanruffing.preference_abstraction.test.SystemPreferencesTest.setUp(SystemPreferencesTest.java:33)
	at sun.reflect.NativeMethodAccessorImpl.invoke0(Native Method)
	at sun.reflect.NativeMethodAccessorImpl.invoke(NativeMethodAccessorImpl.java:62)
	at sun.reflect.DelegatingMethodAccessorImpl.invoke(DelegatingMethodAccessorImpl.java:43)
	at java.lang.reflect.Method.invoke(Method.java:498)
	at org.junit.runners.model.FrameworkMethod$1.runReflectiveCall(FrameworkMethod.java:50)
	at org.junit.internal.runners.model.ReflectiveCallable.run(ReflectiveCallable.java:12)
	at org.junit.runners.model.FrameworkMethod.invokeExplosively(FrameworkMethod.java:47)
	at org.junit.internal.runners.statements.RunBefores.evaluate(RunBefores.java:24)
	at org.junit.runners.ParentRunner.runLeaf(ParentRunner.java:325)
	at org.junit.runners.BlockJUnit4ClassRunner.runChild(BlockJUnit4ClassRunner.java:78)
	at org.junit.runners.BlockJUnit4ClassRunner.runChild(BlockJUnit4ClassRunner.java:57)
	at org.junit.runners.ParentRunner$3.run(ParentRunner.java:290)
	at org.junit.runners.ParentRunner$1.schedule(ParentRunner.java:71)
	at org.junit.runners.ParentRunner.runChildren(ParentRunner.java:288)
	at org.junit.runners.ParentRunner.access$000(ParentRunner.java:58)
	at org.junit.runners.ParentRunner$2.evaluate(ParentRunner.java:268)
	at org.junit.runners.ParentRunner.run(ParentRunner.java:363)
	at org.apache.maven.surefire.junit4.JUnit4TestSet.execute(JUnit4TestSet.java:53)
	at org.apache.maven.surefire.junit4.JUnit4Provider.executeTestSet(JUnit4Provider.java:123)
	at org.apache.maven.surefire.junit4.JUnit4Provider.invoke(JUnit4Provider.java:104)
	at sun.reflect.NativeMethodAccessorImpl.invoke0(Native Method)
	at sun.reflect.NativeMethodAccessorImpl.invoke(NativeMethodAccessorImpl.java:62)
	at sun.reflect.DelegatingMethodAccessorImpl.invoke(DelegatingMethodAccessorImpl.java:43)
	at java.lang.reflect.Method.invoke(Method.java:498)
	at org.apache.maven.surefire.util.ReflectionUtils.invokeMethodWithArray(ReflectionUtils.java:164)
	at org.apache.maven.surefire.booter.ProviderFactory$ProviderProxy.invoke(ProviderFactory.java:110)
	at org.apache.maven.surefire.booter.SurefireStarter.invokeProvider(SurefireStarter.java:175)
	at org.apache.maven.surefire.booter.SurefireStarter.runSuitesInProcessWhenForked(SurefireStarter.java:107)
	at org.apache.maven.surefire.booter.ForkedBooter.main(ForkedBooter.java:68)
testDouble(com.ethanruffing.preference_abstraction.test.SystemPreferencesTest)  Time elapsed: 0 sec  <<< ERROR!
java.lang.NoClassDefFoundError: org/apache/commons/collections/CollectionUtils
	at org.apache.commons.configuration.XMLConfiguration.constructHierarchy(XMLConfiguration.java:640)
	at org.apache.commons.configuration.XMLConfiguration.initProperties(XMLConfiguration.java:596)
	at org.apache.commons.configuration.XMLConfiguration.load(XMLConfiguration.java:1009)
	at org.apache.commons.configuration.XMLConfiguration.load(XMLConfiguration.java:972)
	at org.apache.commons.configuration.XMLConfiguration$XMLFileConfigurationDelegate.load(XMLConfiguration.java:1647)
	at org.apache.commons.configuration.AbstractFileConfiguration.load(AbstractFileConfiguration.java:324)
	at org.apache.commons.configuration.AbstractFileConfiguration.load(AbstractFileConfiguration.java:261)
	at org.apache.commons.configuration.AbstractFileConfiguration.load(AbstractFileConfiguration.java:238)
	at org.apache.commons.configuration.AbstractHierarchicalFileConfiguration.load(AbstractHierarchicalFileConfiguration.java:184)
	at org.apache.commons.configuration.AbstractHierarchicalFileConfiguration.<init>(AbstractHierarchicalFileConfiguration.java:113)
	at org.apache.commons.configuration.XMLConfiguration.<init>(XMLConfiguration.java:274)
	at com.ethanruffing.preference_abstraction.AutoPreferences.<init>(AutoPreferences.java:101)
	at com.ethanruffing.preference_abstraction.test.SystemPreferencesTest.setUp(SystemPreferencesTest.java:33)
	at sun.reflect.NativeMethodAccessorImpl.invoke0(Native Method)
	at sun.reflect.NativeMethodAccessorImpl.invoke(NativeMethodAccessorImpl.java:62)
	at sun.reflect.DelegatingMethodAccessorImpl.invoke(DelegatingMethodAccessorImpl.java:43)
	at java.lang.reflect.Method.invoke(Method.java:498)
	at org.junit.runners.model.FrameworkMethod$1.runReflectiveCall(FrameworkMethod.java:50)
	at org.junit.internal.runners.model.ReflectiveCallable.run(ReflectiveCallable.java:12)
	at org.junit.runners.model.FrameworkMethod.invokeExplosively(FrameworkMethod.java:47)
	at org.junit.internal.runners.statements.RunBefores.evaluate(RunBefores.java:24)
	at org.junit.runners.ParentRunner.runLeaf(ParentRunner.java:325)
	at org.junit.runners.BlockJUnit4ClassRunner.runChild(BlockJUnit4ClassRunner.java:78)
	at org.junit.runners.BlockJUnit4ClassRunner.runChild(BlockJUnit4ClassRunner.java:57)
	at org.junit.runners.ParentRunner$3.run(ParentRunner.java:290)
	at org.junit.runners.ParentRunner$1.schedule(ParentRunner.java:71)
	at org.junit.runners.ParentRunner.runChildren(ParentRunner.java:288)
	at org.junit.runners.ParentRunner.access$000(ParentRunner.java:58)
	at org.junit.runners.ParentRunner$2.evaluate(ParentRunner.java:268)
	at org.junit.runners.ParentRunner.run(ParentRunner.java:363)
	at org.apache.maven.surefire.junit4.JUnit4TestSet.execute(JUnit4TestSet.java:53)
	at org.apache.maven.surefire.junit4.JUnit4Provider.executeTestSet(JUnit4Provider.java:123)
	at org.apache.maven.surefire.junit4.JUnit4Provider.invoke(JUnit4Provider.java:104)
	at sun.reflect.NativeMethodAccessorImpl.invoke0(Native Method)
	at sun.reflect.NativeMethodAccessorImpl.invoke(NativeMethodAccessorImpl.java:62)
	at sun.reflect.DelegatingMethodAccessorImpl.invoke(DelegatingMethodAccessorImpl.java:43)
	at java.lang.reflect.Method.invoke(Method.java:498)
	at org.apache.maven.surefire.util.ReflectionUtils.invokeMethodWithArray(ReflectionUtils.java:164)
	at org.apache.maven.surefire.booter.ProviderFactory$ProviderProxy.invoke(ProviderFactory.java:110)
	at org.apache.maven.surefire.booter.SurefireStarter.invokeProvider(SurefireStarter.java:175)
	at org.apache.maven.surefire.booter.SurefireStarter.runSuitesInProcessWhenForked(SurefireStarter.java:107)
	at org.apache.maven.surefire.booter.ForkedBooter.main(ForkedBooter.java:68)
testObject(com.ethanruffing.preference_abstraction.test.SystemPreferencesTest)  Time elapsed: 0 sec  <<< ERROR!
java.lang.NoClassDefFoundError: org/apache/commons/collections/CollectionUtils
	at org.apache.commons.configuration.XMLConfiguration.constructHierarchy(XMLConfiguration.java:640)
	at org.apache.commons.configuration.XMLConfiguration.initProperties(XMLConfiguration.java:596)
	at org.apache.commons.configuration.XMLConfiguration.load(XMLConfiguration.java:1009)
	at org.apache.commons.configuration.XMLConfiguration.load(XMLConfiguration.java:972)
	at org.apache.commons.configuration.XMLConfiguration$XMLFileConfigurationDelegate.load(XMLConfiguration.java:1647)
	at org.apache.commons.configuration.AbstractFileConfiguration.load(AbstractFileConfiguration.java:324)
	at org.apache.commons.configuration.AbstractFileConfiguration.load(AbstractFileConfiguration.java:261)
	at org.apache.commons.configuration.AbstractFileConfiguration.load(AbstractFileConfiguration.java:238)
	at org.apache.commons.configuration.AbstractHierarchicalFileConfiguration.load(AbstractHierarchicalFileConfiguration.java:184)
	at org.apache.commons.configuration.AbstractHierarchicalFileConfiguration.<init>(AbstractHierarchicalFileConfiguration.java:113)
	at org.apache.commons.configuration.XMLConfiguration.<init>(XMLConfiguration.java:274)
	at com.ethanruffing.preference_abstraction.AutoPreferences.<init>(AutoPreferences.java:101)
	at com.ethanruffing.preference_abstraction.test.SystemPreferencesTest.setUp(SystemPreferencesTest.java:33)
	at sun.reflect.NativeMethodAccessorImpl.invoke0(Native Method)
	at sun.reflect.NativeMethodAccessorImpl.invoke(NativeMethodAccessorImpl.java:62)
	at sun.reflect.DelegatingMethodAccessorImpl.invoke(DelegatingMethodAccessorImpl.java:43)
	at java.lang.reflect.Method.invoke(Method.java:498)
	at org.junit.runners.model.FrameworkMethod$1.runReflectiveCall(FrameworkMethod.java:50)
	at org.junit.internal.runners.model.ReflectiveCallable.run(ReflectiveCallable.java:12)
	at org.junit.runners.model.FrameworkMethod.invokeExplosively(FrameworkMethod.java:47)
	at org.junit.internal.runners.statements.RunBefores.evaluate(RunBefores.java:24)
	at org.junit.runners.ParentRunner.runLeaf(ParentRunner.java:325)
	at org.junit.runners.BlockJUnit4ClassRunner.runChild(BlockJUnit4ClassRunner.java:78)
	at org.junit.runners.BlockJUnit4ClassRunner.runChild(BlockJUnit4ClassRunner.java:57)
	at org.junit.runners.ParentRunner$3.run(ParentRunner.java:290)
	at org.junit.runners.ParentRunner$1.schedule(ParentRunner.java:71)
	at org.junit.runners.ParentRunner.runChildren(ParentRunner.java:288)
	at org.junit.runners.ParentRunner.access$000(ParentRunner.java:58)
	at org.junit.runners.ParentRunner$2.evaluate(ParentRunner.java:268)
	at org.junit.runners.ParentRunner.run(ParentRunner.java:363)
	at org.apache.maven.surefire.junit4.JUnit4TestSet.execute(JUnit4TestSet.java:53)
	at org.apache.maven.surefire.junit4.JUnit4Provider.executeTestSet(JUnit4Provider.java:123)
	at org.apache.maven.surefire.junit4.JUnit4Provider.invoke(JUnit4Provider.java:104)
	at sun.reflect.NativeMethodAccessorImpl.invoke0(Native Method)
	at sun.reflect.NativeMethodAccessorImpl.invoke(NativeMethodAccessorImpl.java:62)
	at sun.reflect.DelegatingMethodAccessorImpl.invoke(DelegatingMethodAccessorImpl.java:43)
	at java.lang.reflect.Method.invoke(Method.java:498)
	at org.apache.maven.surefire.util.ReflectionUtils.invokeMethodWithArray(ReflectionUtils.java:164)
	at org.apache.maven.surefire.booter.ProviderFactory$ProviderProxy.invoke(ProviderFactory.java:110)
	at org.apache.maven.surefire.booter.SurefireStarter.invokeProvider(SurefireStarter.java:175)
	at org.apache.maven.surefire.booter.SurefireStarter.runSuitesInProcessWhenForked(SurefireStarter.java:107)
	at org.apache.maven.surefire.booter.ForkedBooter.main(ForkedBooter.java:68)
testString(com.ethanruffing.preference_abstraction.test.SystemPreferencesTest)  Time elapsed: 0 sec  <<< ERROR!
java.lang.NoClassDefFoundError: org/apache/commons/collections/CollectionUtils
	at org.apache.commons.configuration.XMLConfiguration.constructHierarchy(XMLConfiguration.java:640)
	at org.apache.commons.configuration.XMLConfiguration.initProperties(XMLConfiguration.java:596)
	at org.apache.commons.configuration.XMLConfiguration.load(XMLConfiguration.java:1009)
	at org.apache.commons.configuration.XMLConfiguration.load(XMLConfiguration.java:972)
	at org.apache.commons.configuration.XMLConfiguration$XMLFileConfigurationDelegate.load(XMLConfiguration.java:1647)
	at org.apache.commons.configuration.AbstractFileConfiguration.load(AbstractFileConfiguration.java:324)
	at org.apache.commons.configuration.AbstractFileConfiguration.load(AbstractFileConfiguration.java:261)
	at org.apache.commons.configuration.AbstractFileConfiguration.load(AbstractFileConfiguration.java:238)
	at org.apache.commons.configuration.AbstractHierarchicalFileConfiguration.load(AbstractHierarchicalFileConfiguration.java:184)
	at org.apache.commons.configuration.AbstractHierarchicalFileConfiguration.<init>(AbstractHierarchicalFileConfiguration.java:113)
	at org.apache.commons.configuration.XMLConfiguration.<init>(XMLConfiguration.java:274)
	at com.ethanruffing.preference_abstraction.AutoPreferences.<init>(AutoPreferences.java:101)
	at com.ethanruffing.preference_abstraction.test.SystemPreferencesTest.setUp(SystemPreferencesTest.java:33)
	at sun.reflect.NativeMethodAccessorImpl.invoke0(Native Method)
	at sun.reflect.NativeMethodAccessorImpl.invoke(NativeMethodAccessorImpl.java:62)
	at sun.reflect.DelegatingMethodAccessorImpl.invoke(DelegatingMethodAccessorImpl.java:43)
	at java.lang.reflect.Method.invoke(Method.java:498)
	at org.junit.runners.model.FrameworkMethod$1.runReflectiveCall(FrameworkMethod.java:50)
	at org.junit.internal.runners.model.ReflectiveCallable.run(ReflectiveCallable.java:12)
	at org.junit.runners.model.FrameworkMethod.invokeExplosively(FrameworkMethod.java:47)
	at org.junit.internal.runners.statements.RunBefores.evaluate(RunBefores.java:24)
	at org.junit.runners.ParentRunner.runLeaf(ParentRunner.java:325)
	at org.junit.runners.BlockJUnit4ClassRunner.runChild(BlockJUnit4ClassRunner.java:78)
	at org.junit.runners.BlockJUnit4ClassRunner.runChild(BlockJUnit4ClassRunner.java:57)
	at org.junit.runners.ParentRunner$3.run(ParentRunner.java:290)
	at org.junit.runners.ParentRunner$1.schedule(ParentRunner.java:71)
	at org.junit.runners.ParentRunner.runChildren(ParentRunner.java:288)
	at org.junit.runners.ParentRunner.access$000(ParentRunner.java:58)
	at org.junit.runners.ParentRunner$2.evaluate(ParentRunner.java:268)
	at org.junit.runners.ParentRunner.run(ParentRunner.java:363)
	at org.apache.maven.surefire.junit4.JUnit4TestSet.execute(JUnit4TestSet.java:53)
	at org.apache.maven.surefire.junit4.JUnit4Provider.executeTestSet(JUnit4Provider.java:123)
	at org.apache.maven.surefire.junit4.JUnit4Provider.invoke(JUnit4Provider.java:104)
	at sun.reflect.NativeMethodAccessorImpl.invoke0(Native Method)
	at sun.reflect.NativeMethodAccessorImpl.invoke(NativeMethodAccessorImpl.java:62)
	at sun.reflect.DelegatingMethodAccessorImpl.invoke(DelegatingMethodAccessorImpl.java:43)
	at java.lang.reflect.Method.invoke(Method.java:498)
	at org.apache.maven.surefire.util.ReflectionUtils.invokeMethodWithArray(ReflectionUtils.java:164)
	at org.apache.maven.surefire.booter.ProviderFactory$ProviderProxy.invoke(ProviderFactory.java:110)
	at org.apache.maven.surefire.booter.SurefireStarter.invokeProvider(SurefireStarter.java:175)
	at org.apache.maven.surefire.booter.SurefireStarter.runSuitesInProcessWhenForked(SurefireStarter.java:107)
	at org.apache.maven.surefire.booter.ForkedBooter.main(ForkedBooter.java:68)
